<?xml version="1.0" encoding="UTF-8"?>
<testsuites errors="9" failures="9"><testsuite name="BackstopJS" tests="12" errors="9" failures="9"><testcase name=" ›› UIF Colours" classname="#base-colours"><error message="Design deviation ›› UIF Colours (#base-colours) component" type="CSS component"/><failure message="Design deviation ›› UIF Colours (#base-colours) component" type="CSS component"/></testcase><testcase name=" ›› UIF Colours" classname="#base-colours"><error message="Design deviation ›› UIF Colours (#base-colours) component" type="CSS component"/><failure message="Design deviation ›› UIF Colours (#base-colours) component" type="CSS component"/></testcase><testcase name=" ›› UIF Colours" classname="#base-colours"><error message="Design deviation ›› UIF Colours (#base-colours) component" type="CSS component"/><failure message="Design deviation ›› UIF Colours (#base-colours) component" type="CSS component"/></testcase><testcase name=" ›› UIF Base Typography" classname="#base-typography"><error message="Design deviation ›› UIF Base Typography (#base-typography) component" type="CSS component"/><failure message="Design deviation ›› UIF Base Typography (#base-typography) component" type="CSS component"/></testcase><testcase name=" ›› UIF Base Typography" classname="#base-typography"><error message="Design deviation ›› UIF Base Typography (#base-typography) component" type="CSS component"/><failure message="Design deviation ›› UIF Base Typography (#base-typography) component" type="CSS component"/></testcase><testcase name=" ›› UIF Base Typography" classname="#base-typography"><error message="Design deviation ›› UIF Base Typography (#base-typography) component" type="CSS component"/><failure message="Design deviation ›› UIF Base Typography (#base-typography) component" type="CSS component"/></testcase><testcase name=" ›› UIF Base Grid" classname="#base-grid"/><testcase name=" ›› UIF Base Grid" classname="#base-grid"/><testcase name=" ›› UIF Base Grid" classname="#base-grid"/><testcase name=" ›› UIF Bulk class duplication" classname="document"><error message="Design deviation ›› UIF Bulk class duplication (document) component" type="CSS component"/><failure message="Design deviation ›› UIF Bulk class duplication (document) component" type="CSS component"/></testcase><testcase name=" ›› UIF Bulk class duplication" classname="document"><error message="Design deviation ›› UIF Bulk class duplication (document) component" type="CSS component"/><failure message="Design deviation ›› UIF Bulk class duplication (document) component" type="CSS component"/></testcase><testcase name=" ›› UIF Bulk class duplication" classname="document"><error message="Design deviation ›› UIF Bulk class duplication (document) component" type="CSS component"/><failure message="Design deviation ›› UIF Bulk class duplication (document) component" type="CSS component"/></testcase></testsuite></testsuites>